<?xml version="1.0" encoding="UTF-8"?>
<!-- Generated by org.testng.reporters.JUnitReportReporter -->
<testsuite hostname="Baburao-PC" name="TestNG2" tests="4" failures="0" timestamp="16 Sep 2017 08:34:35 GMT" time="0.018" errors="0">
  <testcase name="sai" time="0.003" classname="TestNG2"/>
  <testcase name="giddu" time="0.009" classname="TestNG2"/>
  <testcase name="sandya" time="0.003" classname="TestNG2"/>
  <testcase name="raghu" time="0.003" classname="TestNG2"/>
</testsuite> <!-- TestNG2 -->
