<?xml version="1.0" encoding="UTF-8"?>
<!-- Generated by org.testng.reporters.JUnitReportReporter -->
<testsuite hostname="Baburao-PC" name="TestNGPackage.BeforeAfterMethod" tests="3" failures="0" timestamp="18 Sep 2017 07:49:10 GMT" time="0.028" errors="0">
  <testcase name="test3" time="0.005" classname="TestNGPackage.BeforeAfterMethod"/>
  <testcase name="test1" time="0.019" classname="TestNGPackage.BeforeAfterMethod"/>
  <testcase name="test2" time="0.004" classname="TestNGPackage.BeforeAfterMethod"/>
</testsuite> <!-- TestNGPackage.BeforeAfterMethod -->
