<?xml version="1.0" encoding="UTF-8"?>
<!-- Generated by org.testng.reporters.JUnitReportReporter -->
<testsuite hostname="Baburao-PC" name="TestNG.AfterBeforeClass" tests="3" failures="0" timestamp="20 Sep 2017 06:01:35 GMT" time="0.016" errors="0">
  <testcase name="giddu" time="0.016" classname="TestNG.AfterBeforeClass"/>
  <testcase name="raghu" time="0.000" classname="TestNG.AfterBeforeClass"/>
  <testcase name="sandya" time="0.000" classname="TestNG.AfterBeforeClass"/>
</testsuite> <!-- TestNG.AfterBeforeClass -->
