<?xml version="1.0" encoding="UTF-8"?>
<!-- Generated by org.testng.reporters.JUnitReportReporter -->
<testsuite hostname="Baburao-PC" name="TestNG.Depends" tests="4" failures="0" timestamp="19 Sep 2017 07:22:46 GMT" time="0.000" errors="0">
  <testcase name="test4" time="0.000" classname="TestNG.Depends"/>
  <testcase name="test" time="0.000" classname="TestNG.Depends"/>
  <testcase name="test1" time="0.000" classname="TestNG.Depends"/>
  <testcase name="test2" time="0.000" classname="TestNG.Depends"/>
</testsuite> <!-- TestNG.Depends -->
