<?xml version="1.0" encoding="UTF-8"?>
<!-- Generated by org.testng.reporters.JUnitReportReporter -->
<testsuite hostname="Baburao-PC" name="TestNG" tests="1" failures="0" timestamp="15 Sep 2017 09:50:28 GMT" time="0.008" errors="0">
  <testcase name="f" time="0.008" classname="TestNG"/>
</testsuite> <!-- TestNG -->
