<?xml version="1.0" encoding="UTF-8"?>
<!-- Generated by org.testng.reporters.JUnitReportReporter -->
<testsuite hostname="Baburao-PC" name="TestNGPackage.Dependency" tests="4" failures="0" timestamp="18 Sep 2017 08:10:28 GMT" time="0.035" errors="0">
  <testcase name="test1" time="0.020" classname="TestNGPackage.Dependency"/>
  <testcase name="test2" time="0.005" classname="TestNGPackage.Dependency"/>
  <testcase name="james" time="0.005" classname="TestNGPackage.Dependency"/>
  <testcase name="master" time="0.005" classname="TestNGPackage.Dependency"/>
</testsuite> <!-- TestNGPackage.Dependency -->
