<?xml version="1.0" encoding="UTF-8"?>
<!-- Generated by org.testng.reporters.JUnitReportReporter -->
<testsuite hostname="Baburao-PC" name="TestNG.Afterclass" tests="1" failures="0" timestamp="19 Sep 2017 07:22:46 GMT" time="0.000" errors="0">
  <testcase name="giddu" time="0.000" classname="TestNG.Afterclass"/>
</testsuite> <!-- TestNG.Afterclass -->
