<?xml version="1.0" encoding="UTF-8"?>
<!-- Generated by org.testng.reporters.JUnitReportReporter -->
<testsuite hostname="Baburao-PC" name="TestNG.BsAs" tests="1" failures="0" timestamp="26 Sep 2017 08:09:07 GMT" time="0.000" errors="0">
  <testcase name="Bs" time="0.000" classname="TestNG.BsAs"/>
</testsuite> <!-- TestNG.BsAs -->
