<?xml version="1.0" encoding="UTF-8"?>
<!-- Generated by org.testng.reporters.JUnitReportReporter -->
<testsuite hostname="Baburao-PC" name="TestNG.Data" tests="2" failures="0" timestamp="26 Sep 2017 09:43:10 GMT" time="0.016" errors="0">
  <testcase name="employeeDetails" time="0.000" classname="TestNG.Data"/>
  <testcase name="employeeDetails" time="0.016" classname="TestNG.Data"/>
</testsuite> <!-- TestNG.Data -->
