<?xml version="1.0" encoding="UTF-8"?>
<!-- Generated by org.testng.reporters.JUnitReportReporter -->
<testsuite hostname="Baburao-PC" name="TestNGPriority" tests="4" failures="0" timestamp="16 Sep 2017 08:39:38 GMT" time="0.017" errors="0">
  <testcase name="sandya" time="0.002" classname="TestNGPriority"/>
  <testcase name="giddu" time="0.009" classname="TestNGPriority"/>
  <testcase name="sai" time="0.003" classname="TestNGPriority"/>
  <testcase name="raghu" time="0.003" classname="TestNGPriority"/>
</testsuite> <!-- TestNGPriority -->
