<?xml version="1.0" encoding="UTF-8"?>
<!-- Generated by org.testng.reporters.JUnitReportReporter -->
<testsuite hostname="Baburao-PC" name="TestNG.BeforeAfter" tests="3" failures="0" timestamp="27 Sep 2017 13:17:57 GMT" time="0.016" errors="0">
  <testcase name="methodOneFromClassTwo" time="0.000" classname="TestNG.BeforeAfter"/>
  <testcase name="methodTwoFromClassOne" time="0.000" classname="TestNG.BeforeAfter"/>
  <testcase name="methodOneFromClassOne" time="0.016" classname="TestNG.BeforeAfter"/>
</testsuite> <!-- TestNG.BeforeAfter -->
